{"total": {"lines":{"total":2695,"covered":1807,"skipped":0,"pct":67.05},"statements":{"total":2785,"covered":1870,"skipped":0,"pct":67.15},"functions":{"total":572,"covered":377,"skipped":0,"pct":65.91},"branches":{"total":1111,"covered":526,"skipped":0,"pct":47.34}}
,"/home/me/prog/firenvim/node_modules/editor-adapter/index.js": {"lines":{"total":131,"covered":47,"skipped":0,"pct":35.88},"functions":{"total":40,"covered":13,"skipped":0,"pct":32.5},"statements":{"total":135,"covered":51,"skipped":0,"pct":37.78},"branches":{"total":69,"covered":23,"skipped":0,"pct":33.33}}
,"/home/me/prog/firenvim/node_modules/event-lite/event-lite.js": {"lines":{"total":50,"covered":9,"skipped":0,"pct":18},"functions":{"total":13,"covered":2,"skipped":0,"pct":15.38},"statements":{"total":51,"covered":10,"skipped":0,"pct":19.61},"branches":{"total":30,"covered":1,"skipped":0,"pct":3.33}}
,"/home/me/prog/firenvim/node_modules/ieee754/index.js": {"lines":{"total":59,"covered":2,"skipped":0,"pct":3.39},"functions":{"total":2,"covered":0,"skipped":0,"pct":0},"statements":{"total":59,"covered":2,"skipped":0,"pct":3.39},"branches":{"total":39,"covered":0,"skipped":0,"pct":0}}
,"/home/me/prog/firenvim/node_modules/int64-buffer/int64-buffer.js": {"lines":{"total":165,"covered":37,"skipped":0,"pct":22.42},"functions":{"total":21,"covered":3,"skipped":0,"pct":14.29},"statements":{"total":166,"covered":37,"skipped":0,"pct":22.29},"branches":{"total":115,"covered":29,"skipped":0,"pct":25.22}}
,"/home/me/prog/firenvim/node_modules/isarray/index.js": {"lines":{"total":3,"covered":2,"skipped":0,"pct":66.67},"functions":{"total":1,"covered":0,"skipped":0,"pct":0},"statements":{"total":3,"covered":2,"skipped":0,"pct":66.67},"branches":{"total":2,"covered":1,"skipped":0,"pct":50}}
,"/home/me/prog/firenvim/node_modules/msgpack-lite/lib/browser.js": {"lines":{"total":6,"covered":6,"skipped":0,"pct":100},"functions":{"total":0,"covered":0,"skipped":0,"pct":100},"statements":{"total":6,"covered":6,"skipped":0,"pct":100},"branches":{"total":0,"covered":0,"skipped":0,"pct":100}}
,"/home/me/prog/firenvim/node_modules/msgpack-lite/lib/buffer-global.js": {"lines":{"total":2,"covered":2,"skipped":0,"pct":100},"functions":{"total":1,"covered":1,"skipped":0,"pct":100},"statements":{"total":2,"covered":2,"skipped":0,"pct":100},"branches":{"total":11,"covered":8,"skipped":0,"pct":72.73}}
,"/home/me/prog/firenvim/node_modules/msgpack-lite/lib/buffer-lite.js": {"lines":{"total":57,"covered":25,"skipped":0,"pct":43.86},"functions":{"total":3,"covered":2,"skipped":0,"pct":66.67},"statements":{"total":57,"covered":25,"skipped":0,"pct":43.86},"branches":{"total":33,"covered":4,"skipped":0,"pct":12.12}}
,"/home/me/prog/firenvim/node_modules/msgpack-lite/lib/bufferish-array.js": {"lines":{"total":15,"covered":6,"skipped":0,"pct":40},"functions":{"total":2,"covered":1,"skipped":0,"pct":50},"statements":{"total":15,"covered":6,"skipped":0,"pct":40},"branches":{"total":10,"covered":0,"skipped":0,"pct":0}}
,"/home/me/prog/firenvim/node_modules/msgpack-lite/lib/bufferish-buffer.js": {"lines":{"total":18,"covered":6,"skipped":0,"pct":33.33},"functions":{"total":2,"covered":0,"skipped":0,"pct":0},"statements":{"total":18,"covered":6,"skipped":0,"pct":33.33},"branches":{"total":19,"covered":3,"skipped":0,"pct":15.79}}
,"/home/me/prog/firenvim/node_modules/msgpack-lite/lib/bufferish-proto.js": {"lines":{"total":28,"covered":23,"skipped":0,"pct":82.14},"functions":{"total":5,"covered":5,"skipped":0,"pct":100},"statements":{"total":28,"covered":23,"skipped":0,"pct":82.14},"branches":{"total":26,"covered":18,"skipped":0,"pct":69.23}}
,"/home/me/prog/firenvim/node_modules/msgpack-lite/lib/bufferish-uint8array.js": {"lines":{"total":21,"covered":12,"skipped":0,"pct":57.14},"functions":{"total":2,"covered":2,"skipped":0,"pct":100},"statements":{"total":21,"covered":12,"skipped":0,"pct":57.14},"branches":{"total":14,"covered":3,"skipped":0,"pct":21.43}}
,"/home/me/prog/firenvim/node_modules/msgpack-lite/lib/bufferish.js": {"lines":{"total":41,"covered":32,"skipped":0,"pct":78.05},"functions":{"total":11,"covered":8,"skipped":0,"pct":72.73},"statements":{"total":41,"covered":32,"skipped":0,"pct":78.05},"branches":{"total":33,"covered":14,"skipped":0,"pct":42.42}}
,"/home/me/prog/firenvim/node_modules/msgpack-lite/lib/codec-base.js": {"lines":{"total":25,"covered":22,"skipped":0,"pct":88},"functions":{"total":10,"covered":8,"skipped":0,"pct":80},"statements":{"total":25,"covered":22,"skipped":0,"pct":88},"branches":{"total":10,"covered":8,"skipped":0,"pct":80}}
,"/home/me/prog/firenvim/node_modules/msgpack-lite/lib/codec.js": {"lines":{"total":3,"covered":3,"skipped":0,"pct":100},"functions":{"total":0,"covered":0,"skipped":0,"pct":100},"statements":{"total":3,"covered":3,"skipped":0,"pct":100},"branches":{"total":0,"covered":0,"skipped":0,"pct":100}}
,"/home/me/prog/firenvim/node_modules/msgpack-lite/lib/decode-buffer.js": {"lines":{"total":13,"covered":13,"skipped":0,"pct":100},"functions":{"total":2,"covered":2,"skipped":0,"pct":100},"statements":{"total":13,"covered":13,"skipped":0,"pct":100},"branches":{"total":8,"covered":6,"skipped":0,"pct":75}}
,"/home/me/prog/firenvim/node_modules/msgpack-lite/lib/decode.js": {"lines":{"total":5,"covered":5,"skipped":0,"pct":100},"functions":{"total":1,"covered":1,"skipped":0,"pct":100},"statements":{"total":5,"covered":5,"skipped":0,"pct":100},"branches":{"total":0,"covered":0,"skipped":0,"pct":100}}
,"/home/me/prog/firenvim/node_modules/msgpack-lite/lib/decoder.js": {"lines":{"total":15,"covered":8,"skipped":0,"pct":53.33},"functions":{"total":4,"covered":0,"skipped":0,"pct":0},"statements":{"total":15,"covered":8,"skipped":0,"pct":53.33},"branches":{"total":4,"covered":0,"skipped":0,"pct":0}}
,"/home/me/prog/firenvim/node_modules/msgpack-lite/lib/encode-buffer.js": {"lines":{"total":13,"covered":9,"skipped":0,"pct":69.23},"functions":{"total":2,"covered":2,"skipped":0,"pct":100},"statements":{"total":13,"covered":9,"skipped":0,"pct":69.23},"branches":{"total":8,"covered":2,"skipped":0,"pct":25}}
,"/home/me/prog/firenvim/node_modules/msgpack-lite/lib/encode.js": {"lines":{"total":5,"covered":5,"skipped":0,"pct":100},"functions":{"total":1,"covered":1,"skipped":0,"pct":100},"statements":{"total":5,"covered":5,"skipped":0,"pct":100},"branches":{"total":0,"covered":0,"skipped":0,"pct":100}}
,"/home/me/prog/firenvim/node_modules/msgpack-lite/lib/encoder.js": {"lines":{"total":14,"covered":7,"skipped":0,"pct":50},"functions":{"total":3,"covered":0,"skipped":0,"pct":0},"statements":{"total":14,"covered":7,"skipped":0,"pct":50},"branches":{"total":4,"covered":0,"skipped":0,"pct":0}}
,"/home/me/prog/firenvim/node_modules/msgpack-lite/lib/ext-buffer.js": {"lines":{"total":5,"covered":5,"skipped":0,"pct":100},"functions":{"total":1,"covered":1,"skipped":0,"pct":100},"statements":{"total":5,"covered":5,"skipped":0,"pct":100},"branches":{"total":2,"covered":1,"skipped":0,"pct":50}}
,"/home/me/prog/firenvim/node_modules/msgpack-lite/lib/ext-packer.js": {"lines":{"total":45,"covered":32,"skipped":0,"pct":71.11},"functions":{"total":5,"covered":1,"skipped":0,"pct":20},"statements":{"total":45,"covered":32,"skipped":0,"pct":71.11},"branches":{"total":10,"covered":4,"skipped":0,"pct":40}}
,"/home/me/prog/firenvim/node_modules/msgpack-lite/lib/ext-unpacker.js": {"lines":{"total":43,"covered":33,"skipped":0,"pct":76.74},"functions":{"total":8,"covered":3,"skipped":0,"pct":37.5},"statements":{"total":43,"covered":33,"skipped":0,"pct":76.74},"branches":{"total":10,"covered":4,"skipped":0,"pct":40}}
,"/home/me/prog/firenvim/node_modules/msgpack-lite/lib/ext.js": {"lines":{"total":3,"covered":3,"skipped":0,"pct":100},"functions":{"total":0,"covered":0,"skipped":0,"pct":100},"statements":{"total":3,"covered":3,"skipped":0,"pct":100},"branches":{"total":0,"covered":0,"skipped":0,"pct":100}}
,"/home/me/prog/firenvim/node_modules/msgpack-lite/lib/flex-buffer.js": {"lines":{"total":76,"covered":60,"skipped":0,"pct":78.95},"functions":{"total":19,"covered":13,"skipped":0,"pct":68.42},"statements":{"total":76,"covered":60,"skipped":0,"pct":78.95},"branches":{"total":34,"covered":19,"skipped":0,"pct":55.88}}
,"/home/me/prog/firenvim/node_modules/msgpack-lite/lib/read-core.js": {"lines":{"total":23,"covered":22,"skipped":0,"pct":95.65},"functions":{"total":6,"covered":5,"skipped":0,"pct":83.33},"statements":{"total":23,"covered":22,"skipped":0,"pct":95.65},"branches":{"total":12,"covered":8,"skipped":0,"pct":66.67}}
,"/home/me/prog/firenvim/node_modules/msgpack-lite/lib/read-format.js": {"lines":{"total":85,"covered":49,"skipped":0,"pct":57.65},"functions":{"total":22,"covered":9,"skipped":0,"pct":40.91},"statements":{"total":86,"covered":50,"skipped":0,"pct":58.14},"branches":{"total":22,"covered":13,"skipped":0,"pct":59.09}}
,"/home/me/prog/firenvim/node_modules/msgpack-lite/lib/read-token.js": {"lines":{"total":64,"covered":56,"skipped":0,"pct":87.5},"functions":{"total":9,"covered":8,"skipped":0,"pct":88.89},"statements":{"total":64,"covered":56,"skipped":0,"pct":87.5},"branches":{"total":4,"covered":3,"skipped":0,"pct":75}}
,"/home/me/prog/firenvim/node_modules/msgpack-lite/lib/write-core.js": {"lines":{"total":34,"covered":30,"skipped":0,"pct":88.24},"functions":{"total":6,"covered":6,"skipped":0,"pct":100},"statements":{"total":35,"covered":31,"skipped":0,"pct":88.57},"branches":{"total":27,"covered":18,"skipped":0,"pct":66.67}}
,"/home/me/prog/firenvim/node_modules/msgpack-lite/lib/write-token.js": {"lines":{"total":97,"covered":59,"skipped":0,"pct":60.82},"functions":{"total":16,"covered":9,"skipped":0,"pct":56.25},"statements":{"total":97,"covered":59,"skipped":0,"pct":60.82},"branches":{"total":21,"covered":14,"skipped":0,"pct":66.67}}
,"/home/me/prog/firenvim/node_modules/msgpack-lite/lib/write-type.js": {"lines":{"total":112,"covered":81,"skipped":0,"pct":72.32},"functions":{"total":21,"covered":12,"skipped":0,"pct":57.14},"statements":{"total":113,"covered":82,"skipped":0,"pct":72.57},"branches":{"total":70,"covered":44,"skipped":0,"pct":62.86}}
,"/home/me/prog/firenvim/node_modules/msgpack-lite/lib/write-uint8.js": {"lines":{"total":6,"covered":6,"skipped":0,"pct":100},"functions":{"total":2,"covered":2,"skipped":0,"pct":100},"statements":{"total":7,"covered":7,"skipped":0,"pct":100},"branches":{"total":0,"covered":0,"skipped":0,"pct":100}}
,"/home/me/prog/firenvim/src/EventEmitter.ts": {"lines":{"total":12,"covered":12,"skipped":0,"pct":100},"functions":{"total":4,"covered":4,"skipped":0,"pct":100},"statements":{"total":12,"covered":12,"skipped":0,"pct":100},"branches":{"total":4,"covered":2,"skipped":0,"pct":50}}
,"/home/me/prog/firenvim/src/FirenvimElement.ts": {"lines":{"total":193,"covered":155,"skipped":0,"pct":80.31},"functions":{"total":55,"covered":42,"skipped":0,"pct":76.36},"statements":{"total":208,"covered":165,"skipped":0,"pct":79.33},"branches":{"total":50,"covered":23,"skipped":0,"pct":46}}
,"/home/me/prog/firenvim/src/Neovim.ts": {"lines":{"total":66,"covered":52,"skipped":0,"pct":78.79},"functions":{"total":19,"covered":15,"skipped":0,"pct":78.95},"statements":{"total":71,"covered":55,"skipped":0,"pct":77.46},"branches":{"total":24,"covered":12,"skipped":0,"pct":50}}
,"/home/me/prog/firenvim/src/Stdin.ts": {"lines":{"total":4,"covered":4,"skipped":0,"pct":100},"functions":{"total":2,"covered":2,"skipped":0,"pct":100},"statements":{"total":4,"covered":4,"skipped":0,"pct":100},"branches":{"total":0,"covered":0,"skipped":0,"pct":100}}
,"/home/me/prog/firenvim/src/Stdout.ts": {"lines":{"total":25,"covered":25,"skipped":0,"pct":100},"functions":{"total":5,"covered":5,"skipped":0,"pct":100},"statements":{"total":25,"covered":25,"skipped":0,"pct":100},"branches":{"total":1,"covered":1,"skipped":0,"pct":100}}
,"/home/me/prog/firenvim/src/autofill.ts": {"lines":{"total":13,"covered":11,"skipped":0,"pct":84.62},"functions":{"total":2,"covered":2,"skipped":0,"pct":100},"statements":{"total":14,"covered":12,"skipped":0,"pct":85.71},"branches":{"total":4,"covered":3,"skipped":0,"pct":75}}
,"/home/me/prog/firenvim/src/background.ts": {"lines":{"total":147,"covered":93,"skipped":0,"pct":63.27},"functions":{"total":49,"covered":31,"skipped":0,"pct":63.27},"statements":{"total":159,"covered":99,"skipped":0,"pct":62.26},"branches":{"total":38,"covered":12,"skipped":0,"pct":31.58}}
,"/home/me/prog/firenvim/src/content.ts": {"lines":{"total":124,"covered":96,"skipped":0,"pct":77.42},"functions":{"total":35,"covered":29,"skipped":0,"pct":82.86},"statements":{"total":135,"covered":104,"skipped":0,"pct":77.04},"branches":{"total":56,"covered":34,"skipped":0,"pct":60.71}}
,"/home/me/prog/firenvim/src/frame.ts": {"lines":{"total":7,"covered":7,"skipped":0,"pct":100},"functions":{"total":2,"covered":2,"skipped":0,"pct":100},"statements":{"total":7,"covered":7,"skipped":0,"pct":100},"branches":{"total":0,"covered":0,"skipped":0,"pct":100}}
,"/home/me/prog/firenvim/src/input.ts": {"lines":{"total":94,"covered":76,"skipped":0,"pct":80.85},"functions":{"total":19,"covered":17,"skipped":0,"pct":89.47},"statements":{"total":96,"covered":78,"skipped":0,"pct":81.25},"branches":{"total":33,"covered":27,"skipped":0,"pct":81.82}}
,"/home/me/prog/firenvim/src/page.ts": {"lines":{"total":68,"covered":47,"skipped":0,"pct":69.12},"functions":{"total":27,"covered":18,"skipped":0,"pct":66.67},"statements":{"total":68,"covered":47,"skipped":0,"pct":69.12},"branches":{"total":32,"covered":20,"skipped":0,"pct":62.5}}
,"/home/me/prog/firenvim/src/renderer.ts": {"lines":{"total":480,"covered":400,"skipped":0,"pct":83.33},"functions":{"total":55,"covered":47,"skipped":0,"pct":85.45},"statements":{"total":503,"covered":417,"skipped":0,"pct":82.9},"branches":{"total":157,"covered":111,"skipped":0,"pct":70.7}}
,"/home/me/prog/firenvim/src/testing/background.ts": {"lines":{"total":3,"covered":3,"skipped":0,"pct":100},"functions":{"total":1,"covered":1,"skipped":0,"pct":100},"statements":{"total":4,"covered":4,"skipped":0,"pct":100},"branches":{"total":1,"covered":1,"skipped":0,"pct":100}}
,"/home/me/prog/firenvim/src/testing/content.ts": {"lines":{"total":3,"covered":3,"skipped":0,"pct":100},"functions":{"total":1,"covered":1,"skipped":0,"pct":100},"statements":{"total":3,"covered":3,"skipped":0,"pct":100},"branches":{"total":1,"covered":1,"skipped":0,"pct":100}}
,"/home/me/prog/firenvim/src/testing/frame.ts": {"lines":{"total":10,"covered":9,"skipped":0,"pct":90},"functions":{"total":6,"covered":6,"skipped":0,"pct":100},"statements":{"total":13,"covered":12,"skipped":0,"pct":92.31},"branches":{"total":3,"covered":2,"skipped":0,"pct":66.67}}
,"/home/me/prog/firenvim/src/testing/rpc.ts": {"lines":{"total":19,"covered":16,"skipped":0,"pct":84.21},"functions":{"total":7,"covered":6,"skipped":0,"pct":85.71},"statements":{"total":20,"covered":17,"skipped":0,"pct":85},"branches":{"total":6,"covered":5,"skipped":0,"pct":83.33}}
,"/home/me/prog/firenvim/src/utils/configuration.ts": {"lines":{"total":19,"covered":15,"skipped":0,"pct":78.95},"functions":{"total":12,"covered":10,"skipped":0,"pct":83.33},"statements":{"total":19,"covered":15,"skipped":0,"pct":78.95},"branches":{"total":2,"covered":0,"skipped":0,"pct":0}}
,"/home/me/prog/firenvim/src/utils/keys.ts": {"lines":{"total":45,"covered":15,"skipped":0,"pct":33.33},"functions":{"total":7,"covered":3,"skipped":0,"pct":42.86},"statements":{"total":45,"covered":15,"skipped":0,"pct":33.33},"branches":{"total":16,"covered":5,"skipped":0,"pct":31.25}}
,"/home/me/prog/firenvim/src/utils/utils.ts": {"lines":{"total":65,"covered":35,"skipped":0,"pct":53.85},"functions":{"total":19,"covered":12,"skipped":0,"pct":63.16},"statements":{"total":71,"covered":37,"skipped":0,"pct":52.11},"branches":{"total":26,"covered":11,"skipped":0,"pct":42.31}}
,"/home/me/prog/firenvimebpack/bootstrap": {"lines":{"total":7,"covered":7,"skipped":0,"pct":100},"functions":{"total":1,"covered":1,"skipped":0,"pct":100},"statements":{"total":7,"covered":7,"skipped":0,"pct":100},"branches":{"total":2,"covered":2,"skipped":0,"pct":100}}
,"/home/me/prog/firenvimebpack/runtime/define property getters": {"lines":{"total":4,"covered":4,"skipped":0,"pct":100},"functions":{"total":1,"covered":1,"skipped":0,"pct":100},"statements":{"total":4,"covered":4,"skipped":0,"pct":100},"branches":{"total":4,"covered":3,"skipped":0,"pct":75}}
,"/home/me/prog/firenvimebpack/runtime/hasOwnProperty shorthand": {"lines":{"total":1,"covered":1,"skipped":0,"pct":100},"functions":{"total":1,"covered":1,"skipped":0,"pct":100},"statements":{"total":1,"covered":1,"skipped":0,"pct":100},"branches":{"total":0,"covered":0,"skipped":0,"pct":100}}
,"/home/me/prog/firenvimebpack/runtime/make namespace object": {"lines":{"total":4,"covered":4,"skipped":0,"pct":100},"functions":{"total":1,"covered":1,"skipped":0,"pct":100},"statements":{"total":4,"covered":4,"skipped":0,"pct":100},"branches":{"total":4,"covered":3,"skipped":0,"pct":75}}
}
